mode: set
github.com/renproject/secp256k1-go/secp256k1.go:27.41,29.2 1 1
github.com/renproject/secp256k1-go/secp256k1.go:33.47,40.2 6 1
github.com/renproject/secp256k1-go/secp256k1.go:43.36,51.2 5 1
github.com/renproject/secp256k1-go/secp256k1.go:54.34,56.2 1 1
github.com/renproject/secp256k1-go/secp256k1.go:60.33,62.2 1 1
github.com/renproject/secp256k1-go/secp256k1.go:67.42,69.2 1 1
github.com/renproject/secp256k1-go/secp256k1.go:72.69,76.2 2 1
github.com/renproject/secp256k1-go/secp256k1.go:78.41,80.2 1 1
github.com/renproject/secp256k1-go/secp256k1.go:82.37,84.2 1 1
github.com/renproject/secp256k1-go/secp256k1.go:86.34,88.2 1 1
github.com/renproject/secp256k1-go/secp256k1.go:90.38,92.2 1 1
github.com/renproject/secp256k1-go/secp256k1.go:94.37,96.2 1 1
github.com/renproject/secp256k1-go/secp256k1.go:98.46,100.2 1 1
github.com/renproject/secp256k1-go/secp256k1.go:102.49,104.2 1 1
github.com/renproject/secp256k1-go/secp256k1.go:106.42,108.2 1 1
github.com/renproject/secp256k1-go/secp256k1.go:110.30,112.2 1 1
github.com/renproject/secp256k1-go/secp256k1.go:114.36,116.2 1 1
github.com/renproject/secp256k1-go/secp256k1.go:118.35,120.2 1 1
github.com/renproject/secp256k1-go/secp256k1.go:122.45,124.2 1 1
github.com/renproject/secp256k1-go/secp256k1.go:126.48,128.2 1 1
github.com/renproject/secp256k1-go/secp256k1.go:130.48,132.2 1 1
github.com/renproject/secp256k1-go/secp256k1.go:134.39,138.2 3 1
github.com/renproject/secp256k1-go/secp256k1.go:140.38,146.2 5 1
github.com/renproject/secp256k1-go/secp256k1.go:148.48,150.2 1 1
github.com/renproject/secp256k1-go/secp256k1.go:152.36,154.2 1 1
github.com/renproject/secp256k1-go/secp256k1.go:156.41,158.2 1 1
github.com/renproject/secp256k1-go/secp256k1.go:160.44,162.2 1 1
github.com/renproject/secp256k1-go/secp256k1.go:164.41,166.2 1 1
github.com/renproject/secp256k1-go/secp256k1.go:168.47,170.2 1 1
github.com/renproject/secp256k1-go/secp256k1.go:172.39,174.2 1 1
github.com/renproject/secp256k1-go/secp256k1.go:176.41,178.2 1 1
github.com/renproject/secp256k1-go/secp256k1.go:180.44,182.2 1 1
github.com/renproject/secp256k1-go/secp256k1.go:184.53,185.10 1 1
github.com/renproject/secp256k1-go/secp256k1.go:185.10,187.3 1 1
github.com/renproject/secp256k1-go/secp256k1.go:187.8,189.3 1 1
github.com/renproject/secp256k1-go/secp256k1.go:199.41,201.2 1 1
github.com/renproject/secp256k1-go/secp256k1.go:205.47,212.2 6 1
github.com/renproject/secp256k1-go/secp256k1.go:215.34,217.2 1 1
github.com/renproject/secp256k1-go/secp256k1.go:221.33,223.2 1 1
github.com/renproject/secp256k1-go/secp256k1.go:226.41,228.2 1 1
github.com/renproject/secp256k1-go/secp256k1.go:233.42,235.2 1 1
github.com/renproject/secp256k1-go/secp256k1.go:238.36,250.2 9 1
github.com/renproject/secp256k1-go/secp256k1.go:253.69,257.2 2 1
github.com/renproject/secp256k1-go/secp256k1.go:262.37,265.25 2 1
github.com/renproject/secp256k1-go/secp256k1.go:270.2,270.12 1 1
github.com/renproject/secp256k1-go/secp256k1.go:265.25,268.3 2 1
github.com/renproject/secp256k1-go/secp256k1.go:275.39,281.2 5 1
github.com/renproject/secp256k1-go/secp256k1.go:285.39,318.2 32 1
github.com/renproject/secp256k1-go/secp256k1.go:322.34,339.138 13 1
github.com/renproject/secp256k1-go/secp256k1.go:353.2,357.17 5 1
github.com/renproject/secp256k1-go/secp256k1.go:339.138,351.3 10 1
github.com/renproject/secp256k1-go/secp256k1.go:361.44,367.2 5 1
github.com/renproject/secp256k1-go/secp256k1.go:372.49,378.2 5 1
github.com/renproject/secp256k1-go/secp256k1.go:386.44,388.2 1 1
github.com/renproject/secp256k1-go/secp256k1.go:391.41,393.2 1 1
github.com/renproject/secp256k1-go/secp256k1.go:397.41,399.2 1 1
github.com/renproject/secp256k1-go/secp256k1.go:402.45,409.2 5 1
github.com/renproject/secp256k1-go/secp256k1.go:413.36,418.2 4 1
github.com/renproject/secp256k1-go/secp256k1.go:422.35,427.2 4 1
github.com/renproject/secp256k1-go/secp256k1.go:431.35,433.2 1 1
