mode: set
github.com/renproject/secp256k1-go/secp256k1.go:27.41,31.2 3 1
github.com/renproject/secp256k1-go/secp256k1.go:34.36,42.2 5 1
github.com/renproject/secp256k1-go/secp256k1.go:45.69,49.2 2 1
github.com/renproject/secp256k1-go/secp256k1.go:51.41,53.2 1 1
github.com/renproject/secp256k1-go/secp256k1.go:55.37,57.2 1 1
github.com/renproject/secp256k1-go/secp256k1.go:59.34,61.2 1 1
github.com/renproject/secp256k1-go/secp256k1.go:63.38,65.2 1 1
github.com/renproject/secp256k1-go/secp256k1.go:67.37,69.2 1 1
github.com/renproject/secp256k1-go/secp256k1.go:71.46,73.2 1 1
github.com/renproject/secp256k1-go/secp256k1.go:75.49,77.2 1 1
github.com/renproject/secp256k1-go/secp256k1.go:79.42,81.2 1 1
github.com/renproject/secp256k1-go/secp256k1.go:83.30,85.2 1 1
github.com/renproject/secp256k1-go/secp256k1.go:87.36,89.2 1 1
github.com/renproject/secp256k1-go/secp256k1.go:91.35,93.2 1 1
github.com/renproject/secp256k1-go/secp256k1.go:95.45,97.2 1 1
github.com/renproject/secp256k1-go/secp256k1.go:99.48,101.2 1 1
github.com/renproject/secp256k1-go/secp256k1.go:103.48,105.2 1 1
github.com/renproject/secp256k1-go/secp256k1.go:107.39,111.2 3 1
github.com/renproject/secp256k1-go/secp256k1.go:113.38,119.2 5 1
github.com/renproject/secp256k1-go/secp256k1.go:121.48,123.2 1 1
github.com/renproject/secp256k1-go/secp256k1.go:125.36,127.2 1 1
github.com/renproject/secp256k1-go/secp256k1.go:129.41,131.2 1 1
github.com/renproject/secp256k1-go/secp256k1.go:133.44,135.2 1 1
github.com/renproject/secp256k1-go/secp256k1.go:137.41,139.2 1 1
github.com/renproject/secp256k1-go/secp256k1.go:141.47,143.2 1 1
github.com/renproject/secp256k1-go/secp256k1.go:145.39,147.2 1 1
github.com/renproject/secp256k1-go/secp256k1.go:149.41,151.2 1 1
github.com/renproject/secp256k1-go/secp256k1.go:153.44,155.2 1 1
github.com/renproject/secp256k1-go/secp256k1.go:157.53,158.10 1 1
github.com/renproject/secp256k1-go/secp256k1.go:158.10,160.3 1 1
github.com/renproject/secp256k1-go/secp256k1.go:160.8,162.3 1 1
github.com/renproject/secp256k1-go/secp256k1.go:172.41,174.2 1 1
github.com/renproject/secp256k1-go/secp256k1.go:177.34,179.2 1 1
github.com/renproject/secp256k1-go/secp256k1.go:183.33,185.2 1 1
github.com/renproject/secp256k1-go/secp256k1.go:188.41,190.2 1 1
github.com/renproject/secp256k1-go/secp256k1.go:193.36,205.2 9 1
github.com/renproject/secp256k1-go/secp256k1.go:208.69,212.2 2 1
github.com/renproject/secp256k1-go/secp256k1.go:217.37,220.25 2 1
github.com/renproject/secp256k1-go/secp256k1.go:225.2,225.12 1 1
github.com/renproject/secp256k1-go/secp256k1.go:220.25,223.3 2 1
github.com/renproject/secp256k1-go/secp256k1.go:230.34,247.138 13 1
github.com/renproject/secp256k1-go/secp256k1.go:261.2,265.17 5 1
github.com/renproject/secp256k1-go/secp256k1.go:247.138,259.3 10 1
github.com/renproject/secp256k1-go/secp256k1.go:269.44,275.2 5 1
github.com/renproject/secp256k1-go/secp256k1.go:280.49,286.2 5 1
github.com/renproject/secp256k1-go/secp256k1.go:294.44,296.2 1 1
github.com/renproject/secp256k1-go/secp256k1.go:299.41,301.2 1 1
github.com/renproject/secp256k1-go/secp256k1.go:305.41,307.2 1 1
github.com/renproject/secp256k1-go/secp256k1.go:310.45,317.2 5 1
github.com/renproject/secp256k1-go/secp256k1.go:321.36,326.2 4 1
github.com/renproject/secp256k1-go/secp256k1.go:330.35,335.2 4 1
